{"name": "open any product", "status": "broken", "statusDetails": {"message": "selenium.common.exceptions.NoSuchElementException: Message: no such element: Unable to locate element: {\"method\":\"css selector\",\"selector\":\"[data-test='product-title']\"}\n  (Session info: chrome=134.0.6998.165); For documentation on this error, please visit: https://www.selenium.dev/documentation/webdriver/troubleshooting/errors#no-such-element-exception\nStacktrace:\n\tGetHandleVerifier [0x00F0C7F3+24435]\n\t(No symbol) [0x00E92074]\n\t(No symbol) [0x00D606E3]\n\t(No symbol) [0x00DA8B39]\n\t(No symbol) [0x00DA8E8B]\n\t(No symbol) [0x00D9E1F1]\n\t(No symbol) [0x00DCD804]\n\t(No symbol) [0x00D9E114]\n\t(No symbol) [0x00DCDA34]\n\t(No symbol) [0x00DEF20A]\n\t(No symbol) [0x00DCD5B6]\n\t(No symbol) [0x00D9C54F]\n\t(No symbol) [0x00D9D894]\n\tGetHandleVerifier [0x012170A3+3213347]\n\tGetHandleVerifier [0x0122B0C9+3295305]\n\tGetHandleVerifier [0x0122558C+3271948]\n\tGetHandleVerifier [0x00FA7360+658144]\n\t(No symbol) [0x00E9B27D]\n\t(No symbol) [0x00E98208]\n\t(No symbol) [0x00E983A9]\n\t(No symbol) [0x00E8AAC0]\n\tBaseThreadInitThunk [0x76355D49+25]\n\tRtlInitializeExceptionChain [0x771ACE3B+107]\n\tRtlGetAppContainerNamedObjectPath [0x771ACDC1+561]\n\n", "trace": "  File \"C:\\Users\\ibhui\\Desktop\\python-selenium-automation\\.venv\\Lib\\site-packages\\behave\\model.py\", line 1329, in run\n    match.run(runner.context)\n    ~~~~~~~~~^^^^^^^^^^^^^^^^\n  File \"C:\\Users\\ibhui\\Desktop\\python-selenium-automation\\.venv\\Lib\\site-packages\\behave\\matchers.py\", line 98, in run\n    self.func(context, *args, **kwargs)\n    ~~~~~~~~~^^^^^^^^^^^^^^^^^^^^^^^^^^\n  File \"features\\steps\\target_verify_step.py\", line 45, in verify_product_name\n    title = product.find_element(*PRODUCT_TITLE).text\n            ~~~~~~~~~~~~~~~~~~~~^^^^^^^^^^^^^^^^\n  File \"C:\\Users\\ibhui\\Desktop\\python-selenium-automation\\.venv\\Lib\\site-packages\\selenium\\webdriver\\remote\\webelement.py\", line 601, in find_element\n    return self._execute(Command.FIND_CHILD_ELEMENT, {\"using\": by, \"value\": value})[\"value\"]\n           ~~~~~~~~~~~~~^^^^^^^^^^^^^^^^^^^^^^^^^^^^^^^^^^^^^^^^^^^^^^^^^^^^^^^^^^^\n  File \"C:\\Users\\ibhui\\Desktop\\python-selenium-automation\\.venv\\Lib\\site-packages\\selenium\\webdriver\\remote\\webelement.py\", line 572, in _execute\n    return self._parent.execute(command, params)\n           ~~~~~~~~~~~~~~~~~~~~^^^^^^^^^^^^^^^^^\n  File \"C:\\Users\\ibhui\\Desktop\\python-selenium-automation\\.venv\\Lib\\site-packages\\selenium\\webdriver\\remote\\webdriver.py\", line 429, in execute\n    self.error_handler.check_response(response)\n    ~~~~~~~~~~~~~~~~~~~~~~~~~~~~~~~~~^^^^^^^^^^\n  File \"C:\\Users\\ibhui\\Desktop\\python-selenium-automation\\.venv\\Lib\\site-packages\\selenium\\webdriver\\remote\\errorhandler.py\", line 232, in check_response\n    raise exception_class(message, screen, stacktrace)\n"}, "steps": [{"name": "Given open target main page", "status": "passed", "start": 1742972106642, "stop": 1742972108974}, {"name": "When search for pen", "status": "passed", "start": 1742972108974, "stop": 1742972120643}, {"name": "Then Verify every product has name and image", "status": "broken", "statusDetails": {"message": "selenium.common.exceptions.NoSuchElementException: Message: no such element: Unable to locate element: {\"method\":\"css selector\",\"selector\":\"[data-test='product-title']\"}\n  (Session info: chrome=134.0.6998.165); For documentation on this error, please visit: https://www.selenium.dev/documentation/webdriver/troubleshooting/errors#no-such-element-exception\nStacktrace:\n\tGetHandleVerifier [0x00F0C7F3+24435]\n\t(No symbol) [0x00E92074]\n\t(No symbol) [0x00D606E3]\n\t(No symbol) [0x00DA8B39]\n\t(No symbol) [0x00DA8E8B]\n\t(No symbol) [0x00D9E1F1]\n\t(No symbol) [0x00DCD804]\n\t(No symbol) [0x00D9E114]\n\t(No symbol) [0x00DCDA34]\n\t(No symbol) [0x00DEF20A]\n\t(No symbol) [0x00DCD5B6]\n\t(No symbol) [0x00D9C54F]\n\t(No symbol) [0x00D9D894]\n\tGetHandleVerifier [0x012170A3+3213347]\n\tGetHandleVerifier [0x0122B0C9+3295305]\n\tGetHandleVerifier [0x0122558C+3271948]\n\tGetHandleVerifier [0x00FA7360+658144]\n\t(No symbol) [0x00E9B27D]\n\t(No symbol) [0x00E98208]\n\t(No symbol) [0x00E983A9]\n\t(No symbol) [0x00E8AAC0]\n\tBaseThreadInitThunk [0x76355D49+25]\n\tRtlInitializeExceptionChain [0x771ACE3B+107]\n\tRtlGetAppContainerNamedObjectPath [0x771ACDC1+561]\n\n", "trace": "  File \"C:\\Users\\ibhui\\Desktop\\python-selenium-automation\\.venv\\Lib\\site-packages\\behave\\model.py\", line 1329, in run\n    match.run(runner.context)\n    ~~~~~~~~~^^^^^^^^^^^^^^^^\n  File \"C:\\Users\\ibhui\\Desktop\\python-selenium-automation\\.venv\\Lib\\site-packages\\behave\\matchers.py\", line 98, in run\n    self.func(context, *args, **kwargs)\n    ~~~~~~~~~^^^^^^^^^^^^^^^^^^^^^^^^^^\n  File \"features\\steps\\target_verify_step.py\", line 45, in verify_product_name\n    title = product.find_element(*PRODUCT_TITLE).text\n            ~~~~~~~~~~~~~~~~~~~~^^^^^^^^^^^^^^^^\n  File \"C:\\Users\\ibhui\\Desktop\\python-selenium-automation\\.venv\\Lib\\site-packages\\selenium\\webdriver\\remote\\webelement.py\", line 601, in find_element\n    return self._execute(Command.FIND_CHILD_ELEMENT, {\"using\": by, \"value\": value})[\"value\"]\n           ~~~~~~~~~~~~~^^^^^^^^^^^^^^^^^^^^^^^^^^^^^^^^^^^^^^^^^^^^^^^^^^^^^^^^^^^\n  File \"C:\\Users\\ibhui\\Desktop\\python-selenium-automation\\.venv\\Lib\\site-packages\\selenium\\webdriver\\remote\\webelement.py\", line 572, in _execute\n    return self._parent.execute(command, params)\n           ~~~~~~~~~~~~~~~~~~~~^^^^^^^^^^^^^^^^^\n  File \"C:\\Users\\ibhui\\Desktop\\python-selenium-automation\\.venv\\Lib\\site-packages\\selenium\\webdriver\\remote\\webdriver.py\", line 429, in execute\n    self.error_handler.check_response(response)\n    ~~~~~~~~~~~~~~~~~~~~~~~~~~~~~~~~~^^^^^^^^^^\n  File \"C:\\Users\\ibhui\\Desktop\\python-selenium-automation\\.venv\\Lib\\site-packages\\selenium\\webdriver\\remote\\errorhandler.py\", line 232, in check_response\n    raise exception_class(message, screen, stacktrace)\n"}, "start": 1742972120643, "stop": 1742972129780}], "start": 1742972104070, "stop": 1742972132027, "uuid": "342d89e2-493b-4af6-b3e2-4e39d3d33ab3", "historyId": "cb0344e99ba4591eaded12a906099cc2", "fullName": "Test Case Project: open any product", "labels": [{"name": "severity", "value": "normal"}, {"name": "feature", "value": "Test Case Project"}, {"name": "framework", "value": "behave"}, {"name": "language", "value": "cpython3"}]}