{"name": "Open the Target Page and Verify 10 cells", "status": "failed", "statusDetails": {"message": "AssertionError: Expected 18 cells, but found 15\n", "trace": "  File \"C:\\Users\\ibhui\\Desktop\\python-selenium-automation\\.venv\\Lib\\site-packages\\behave\\model.py\", line 1329, in run\n    match.run(runner.context)\n    ~~~~~~~~~^^^^^^^^^^^^^^^^\n  File \"C:\\Users\\ibhui\\Desktop\\python-selenium-automation\\.venv\\Lib\\site-packages\\behave\\matchers.py\", line 98, in run\n    self.func(context, *args, **kwargs)\n    ~~~~~~~~~^^^^^^^^^^^^^^^^^^^^^^^^^^\n  File \"features\\steps\\target_verify_step.py\", line 76, in verify_cells\n    assert False, f\"Expected {number} cells, but found {len(cells)}\"\n           ^^^^^\n"}, "steps": [{"name": "Given open target circle page", "status": "passed", "start": 1742972023105, "stop": 1742972025443}, {"name": "Then verify the 18 cells", "status": "failed", "statusDetails": {"message": "AssertionError: Expected 18 cells, but found 15\n", "trace": "  File \"C:\\Users\\ibhui\\Desktop\\python-selenium-automation\\.venv\\Lib\\site-packages\\behave\\model.py\", line 1329, in run\n    match.run(runner.context)\n    ~~~~~~~~~^^^^^^^^^^^^^^^^\n  File \"C:\\Users\\ibhui\\Desktop\\python-selenium-automation\\.venv\\Lib\\site-packages\\behave\\matchers.py\", line 98, in run\n    self.func(context, *args, **kwargs)\n    ~~~~~~~~~^^^^^^^^^^^^^^^^^^^^^^^^^^\n  File \"features\\steps\\target_verify_step.py\", line 76, in verify_cells\n    assert False, f\"Expected {number} cells, but found {len(cells)}\"\n           ^^^^^\n"}, "start": 1742972025443, "stop": 1742972025608}], "start": 1742972020680, "stop": 1742972027763, "uuid": "d4cdad7b-a230-46bb-b948-23b5bdca288c", "historyId": "d0adf6defc5eeee11720a86c9a47003a", "fullName": "Test Case Project: Open the Target Page and Verify 10 cells", "labels": [{"name": "severity", "value": "normal"}, {"name": "feature", "value": "Test Case Project"}, {"name": "framework", "value": "behave"}, {"name": "language", "value": "cpython3"}]}