{"name": "open any product", "status": "broken", "statusDetails": {"message": "selenium.common.exceptions.NoSuchElementException: Message: no such element: Unable to locate element: {\"method\":\"css selector\",\"selector\":\"[data-test='product-title']\"}\n  (Session info: chrome=134.0.6998.118); For documentation on this error, please visit: https://www.selenium.dev/documentation/webdriver/troubleshooting/errors#no-such-element-exception\nStacktrace:\n\tGetHandleVerifier [0x011FC7F3+24435]\n\t(No symbol) [0x01182074]\n\t(No symbol) [0x010506E3]\n\t(No symbol) [0x01098B39]\n\t(No symbol) [0x01098E8B]\n\t(No symbol) [0x0108E1F1]\n\t(No symbol) [0x010BD804]\n\t(No symbol) [0x0108E114]\n\t(No symbol) [0x010BDA34]\n\t(No symbol) [0x010DF20A]\n\t(No symbol) [0x010BD5B6]\n\t(No symbol) [0x0108C54F]\n\t(No symbol) [0x0108D894]\n\tGetHandleVerifier [0x015070A3+3213347]\n\tGetHandleVerifier [0x0151B0C9+3295305]\n\tGetHandleVerifier [0x0151558C+3271948]\n\tGetHandleVerifier [0x01297360+658144]\n\t(No symbol) [0x0118B27D]\n\t(No symbol) [0x01188208]\n\t(No symbol) [0x011883A9]\n\t(No symbol) [0x0117AAC0]\n\tBaseThreadInitThunk [0x76355D49+25]\n\tRtlInitializeExceptionChain [0x771ACE3B+107]\n\tRtlGetAppContainerNamedObjectPath [0x771ACDC1+561]\n\n", "trace": "  File \"C:\\Users\\ibhui\\Desktop\\python-selenium-automation\\.venv\\Lib\\site-packages\\behave\\model.py\", line 1329, in run\n    match.run(runner.context)\n    ~~~~~~~~~^^^^^^^^^^^^^^^^\n  File \"C:\\Users\\ibhui\\Desktop\\python-selenium-automation\\.venv\\Lib\\site-packages\\behave\\matchers.py\", line 98, in run\n    self.func(context, *args, **kwargs)\n    ~~~~~~~~~^^^^^^^^^^^^^^^^^^^^^^^^^^\n  File \"features\\steps\\target_verify_step.py\", line 45, in verify_product_name\n    title = product.find_element(*PRODUCT_TITLE).text\n            ~~~~~~~~~~~~~~~~~~~~^^^^^^^^^^^^^^^^\n  File \"C:\\Users\\ibhui\\Desktop\\python-selenium-automation\\.venv\\Lib\\site-packages\\selenium\\webdriver\\remote\\webelement.py\", line 601, in find_element\n    return self._execute(Command.FIND_CHILD_ELEMENT, {\"using\": by, \"value\": value})[\"value\"]\n           ~~~~~~~~~~~~~^^^^^^^^^^^^^^^^^^^^^^^^^^^^^^^^^^^^^^^^^^^^^^^^^^^^^^^^^^^\n  File \"C:\\Users\\ibhui\\Desktop\\python-selenium-automation\\.venv\\Lib\\site-packages\\selenium\\webdriver\\remote\\webelement.py\", line 572, in _execute\n    return self._parent.execute(command, params)\n           ~~~~~~~~~~~~~~~~~~~~^^^^^^^^^^^^^^^^^\n  File \"C:\\Users\\ibhui\\Desktop\\python-selenium-automation\\.venv\\Lib\\site-packages\\selenium\\webdriver\\remote\\webdriver.py\", line 429, in execute\n    self.error_handler.check_response(response)\n    ~~~~~~~~~~~~~~~~~~~~~~~~~~~~~~~~~^^^^^^^^^^\n  File \"C:\\Users\\ibhui\\Desktop\\python-selenium-automation\\.venv\\Lib\\site-packages\\selenium\\webdriver\\remote\\errorhandler.py\", line 232, in check_response\n    raise exception_class(message, screen, stacktrace)\n"}, "steps": [{"name": "Given open target main page", "status": "passed", "start": 1742875645279, "stop": 1742875648606}, {"name": "When search for pen", "status": "passed", "start": 1742875648606, "stop": 1742875659643}, {"name": "Then Verify every product has name and image", "status": "broken", "statusDetails": {"message": "selenium.common.exceptions.NoSuchElementException: Message: no such element: Unable to locate element: {\"method\":\"css selector\",\"selector\":\"[data-test='product-title']\"}\n  (Session info: chrome=134.0.6998.118); For documentation on this error, please visit: https://www.selenium.dev/documentation/webdriver/troubleshooting/errors#no-such-element-exception\nStacktrace:\n\tGetHandleVerifier [0x011FC7F3+24435]\n\t(No symbol) [0x01182074]\n\t(No symbol) [0x010506E3]\n\t(No symbol) [0x01098B39]\n\t(No symbol) [0x01098E8B]\n\t(No symbol) [0x0108E1F1]\n\t(No symbol) [0x010BD804]\n\t(No symbol) [0x0108E114]\n\t(No symbol) [0x010BDA34]\n\t(No symbol) [0x010DF20A]\n\t(No symbol) [0x010BD5B6]\n\t(No symbol) [0x0108C54F]\n\t(No symbol) [0x0108D894]\n\tGetHandleVerifier [0x015070A3+3213347]\n\tGetHandleVerifier [0x0151B0C9+3295305]\n\tGetHandleVerifier [0x0151558C+3271948]\n\tGetHandleVerifier [0x01297360+658144]\n\t(No symbol) [0x0118B27D]\n\t(No symbol) [0x01188208]\n\t(No symbol) [0x011883A9]\n\t(No symbol) [0x0117AAC0]\n\tBaseThreadInitThunk [0x76355D49+25]\n\tRtlInitializeExceptionChain [0x771ACE3B+107]\n\tRtlGetAppContainerNamedObjectPath [0x771ACDC1+561]\n\n", "trace": "  File \"C:\\Users\\ibhui\\Desktop\\python-selenium-automation\\.venv\\Lib\\site-packages\\behave\\model.py\", line 1329, in run\n    match.run(runner.context)\n    ~~~~~~~~~^^^^^^^^^^^^^^^^\n  File \"C:\\Users\\ibhui\\Desktop\\python-selenium-automation\\.venv\\Lib\\site-packages\\behave\\matchers.py\", line 98, in run\n    self.func(context, *args, **kwargs)\n    ~~~~~~~~~^^^^^^^^^^^^^^^^^^^^^^^^^^\n  File \"features\\steps\\target_verify_step.py\", line 45, in verify_product_name\n    title = product.find_element(*PRODUCT_TITLE).text\n            ~~~~~~~~~~~~~~~~~~~~^^^^^^^^^^^^^^^^\n  File \"C:\\Users\\ibhui\\Desktop\\python-selenium-automation\\.venv\\Lib\\site-packages\\selenium\\webdriver\\remote\\webelement.py\", line 601, in find_element\n    return self._execute(Command.FIND_CHILD_ELEMENT, {\"using\": by, \"value\": value})[\"value\"]\n           ~~~~~~~~~~~~~^^^^^^^^^^^^^^^^^^^^^^^^^^^^^^^^^^^^^^^^^^^^^^^^^^^^^^^^^^^\n  File \"C:\\Users\\ibhui\\Desktop\\python-selenium-automation\\.venv\\Lib\\site-packages\\selenium\\webdriver\\remote\\webelement.py\", line 572, in _execute\n    return self._parent.execute(command, params)\n           ~~~~~~~~~~~~~~~~~~~~^^^^^^^^^^^^^^^^^\n  File \"C:\\Users\\ibhui\\Desktop\\python-selenium-automation\\.venv\\Lib\\site-packages\\selenium\\webdriver\\remote\\webdriver.py\", line 429, in execute\n    self.error_handler.check_response(response)\n    ~~~~~~~~~~~~~~~~~~~~~~~~~~~~~~~~~^^^^^^^^^^\n  File \"C:\\Users\\ibhui\\Desktop\\python-selenium-automation\\.venv\\Lib\\site-packages\\selenium\\webdriver\\remote\\errorhandler.py\", line 232, in check_response\n    raise exception_class(message, screen, stacktrace)\n"}, "start": 1742875659644, "stop": 1742875668836}], "start": 1742875635020, "stop": 1742875671035, "uuid": "2c6c4826-067d-48e0-af0c-7270450e7a3b", "historyId": "cb0344e99ba4591eaded12a906099cc2", "fullName": "Test Case Project: open any product", "labels": [{"name": "severity", "value": "normal"}, {"name": "feature", "value": "Test Case Project"}, {"name": "framework", "value": "behave"}, {"name": "language", "value": "cpython3"}]}