{"name": "User can add a product to cart", "status": "broken", "statusDetails": {"message": "selenium.common.exceptions.NoSuchElementException: Message: no such element: Unable to locate element: {\"method\":\"css selector\",\"selector\":\"[data-test = 'chooseOptionsButton']\"}\n  (Session info: chrome=134.0.6998.118); For documentation on this error, please visit: https://www.selenium.dev/documentation/webdriver/troubleshooting/errors#no-such-element-exception\nStacktrace:\n\tGetHandleVerifier [0x011FC7F3+24435]\n\t(No symbol) [0x01182074]\n\t(No symbol) [0x010506E3]\n\t(No symbol) [0x01098B39]\n\t(No symbol) [0x01098E8B]\n\t(No symbol) [0x010E1AC2]\n\t(No symbol) [0x010BD804]\n\t(No symbol) [0x010DF20A]\n\t(No symbol) [0x010BD5B6]\n\t(No symbol) [0x0108C54F]\n\t(No symbol) [0x0108D894]\n\tGetHandleVerifier [0x015070A3+3213347]\n\tGetHandleVerifier [0x0151B0C9+3295305]\n\tGetHandleVerifier [0x0151558C+3271948]\n\tGetHandleVerifier [0x01297360+658144]\n\t(No symbol) [0x0118B27D]\n\t(No symbol) [0x01188208]\n\t(No symbol) [0x011883A9]\n\t(No symbol) [0x0117AAC0]\n\tBaseThreadInitThunk [0x76355D49+25]\n\tRtlInitializeExceptionChain [0x771ACE3B+107]\n\tRtlGetAppContainerNamedObjectPath [0x771ACDC1+561]\n\n", "trace": "  File \"C:\\Users\\ibhui\\Desktop\\python-selenium-automation\\.venv\\Lib\\site-packages\\behave\\model.py\", line 1329, in run\n    match.run(runner.context)\n    ~~~~~~~~~^^^^^^^^^^^^^^^^\n  File \"C:\\Users\\ibhui\\Desktop\\python-selenium-automation\\.venv\\Lib\\site-packages\\behave\\matchers.py\", line 98, in run\n    self.func(context, *args, **kwargs)\n    ~~~~~~~~~^^^^^^^^^^^^^^^^^^^^^^^^^^\n  File \"features\\steps\\target_main_page_step.py\", line 40, in click_cart\n    context.app.cart_page.click_cart()\n    ~~~~~~~~~~~~~~~~~~~~~~~~~~~~~~~~^^\n  File \"C:\\Users\\ibhui\\Desktop\\python-selenium-automation\\pages\\cart_page.py\", line 17, in click_cart\n    self.click(*self.ADD_BTN)\n    ~~~~~~~~~~^^^^^^^^^^^^^^^\n  File \"C:\\Users\\ibhui\\Desktop\\python-selenium-automation\\pages\\base_page.py\", line 18, in click\n    self.driver.find_element(*locator).click()\n    ~~~~~~~~~~~~~~~~~~~~~~~~^^^^^^^^^^\n  File \"C:\\Users\\ibhui\\Desktop\\python-selenium-automation\\.venv\\Lib\\site-packages\\selenium\\webdriver\\remote\\webdriver.py\", line 898, in find_element\n    return self.execute(Command.FIND_ELEMENT, {\"using\": by, \"value\": value})[\"value\"]\n           ~~~~~~~~~~~~^^^^^^^^^^^^^^^^^^^^^^^^^^^^^^^^^^^^^^^^^^^^^^^^^^^^^\n  File \"C:\\Users\\ibhui\\Desktop\\python-selenium-automation\\.venv\\Lib\\site-packages\\selenium\\webdriver\\remote\\webdriver.py\", line 429, in execute\n    self.error_handler.check_response(response)\n    ~~~~~~~~~~~~~~~~~~~~~~~~~~~~~~~~~^^^^^^^^^^\n  File \"C:\\Users\\ibhui\\Desktop\\python-selenium-automation\\.venv\\Lib\\site-packages\\selenium\\webdriver\\remote\\errorhandler.py\", line 232, in check_response\n    raise exception_class(message, screen, stacktrace)\n"}, "steps": [{"name": "Given Open target main page", "status": "passed", "start": 1742875615066, "stop": 1742875618317}, {"name": "When Search for pencil", "status": "passed", "start": 1742875618317, "stop": 1742875628784}, {"name": "And Click on cart", "status": "broken", "statusDetails": {"message": "selenium.common.exceptions.NoSuchElementException: Message: no such element: Unable to locate element: {\"method\":\"css selector\",\"selector\":\"[data-test = 'chooseOptionsButton']\"}\n  (Session info: chrome=134.0.6998.118); For documentation on this error, please visit: https://www.selenium.dev/documentation/webdriver/troubleshooting/errors#no-such-element-exception\nStacktrace:\n\tGetHandleVerifier [0x011FC7F3+24435]\n\t(No symbol) [0x01182074]\n\t(No symbol) [0x010506E3]\n\t(No symbol) [0x01098B39]\n\t(No symbol) [0x01098E8B]\n\t(No symbol) [0x010E1AC2]\n\t(No symbol) [0x010BD804]\n\t(No symbol) [0x010DF20A]\n\t(No symbol) [0x010BD5B6]\n\t(No symbol) [0x0108C54F]\n\t(No symbol) [0x0108D894]\n\tGetHandleVerifier [0x015070A3+3213347]\n\tGetHandleVerifier [0x0151B0C9+3295305]\n\tGetHandleVerifier [0x0151558C+3271948]\n\tGetHandleVerifier [0x01297360+658144]\n\t(No symbol) [0x0118B27D]\n\t(No symbol) [0x01188208]\n\t(No symbol) [0x011883A9]\n\t(No symbol) [0x0117AAC0]\n\tBaseThreadInitThunk [0x76355D49+25]\n\tRtlInitializeExceptionChain [0x771ACE3B+107]\n\tRtlGetAppContainerNamedObjectPath [0x771ACDC1+561]\n\n", "trace": "  File \"C:\\Users\\ibhui\\Desktop\\python-selenium-automation\\.venv\\Lib\\site-packages\\behave\\model.py\", line 1329, in run\n    match.run(runner.context)\n    ~~~~~~~~~^^^^^^^^^^^^^^^^\n  File \"C:\\Users\\ibhui\\Desktop\\python-selenium-automation\\.venv\\Lib\\site-packages\\behave\\matchers.py\", line 98, in run\n    self.func(context, *args, **kwargs)\n    ~~~~~~~~~^^^^^^^^^^^^^^^^^^^^^^^^^^\n  File \"features\\steps\\target_main_page_step.py\", line 40, in click_cart\n    context.app.cart_page.click_cart()\n    ~~~~~~~~~~~~~~~~~~~~~~~~~~~~~~~~^^\n  File \"C:\\Users\\ibhui\\Desktop\\python-selenium-automation\\pages\\cart_page.py\", line 17, in click_cart\n    self.click(*self.ADD_BTN)\n    ~~~~~~~~~~^^^^^^^^^^^^^^^\n  File \"C:\\Users\\ibhui\\Desktop\\python-selenium-automation\\pages\\base_page.py\", line 18, in click\n    self.driver.find_element(*locator).click()\n    ~~~~~~~~~~~~~~~~~~~~~~~~^^^^^^^^^^\n  File \"C:\\Users\\ibhui\\Desktop\\python-selenium-automation\\.venv\\Lib\\site-packages\\selenium\\webdriver\\remote\\webdriver.py\", line 898, in find_element\n    return self.execute(Command.FIND_ELEMENT, {\"using\": by, \"value\": value})[\"value\"]\n           ~~~~~~~~~~~~^^^^^^^^^^^^^^^^^^^^^^^^^^^^^^^^^^^^^^^^^^^^^^^^^^^^^\n  File \"C:\\Users\\ibhui\\Desktop\\python-selenium-automation\\.venv\\Lib\\site-packages\\selenium\\webdriver\\remote\\webdriver.py\", line 429, in execute\n    self.error_handler.check_response(response)\n    ~~~~~~~~~~~~~~~~~~~~~~~~~~~~~~~~~^^^^^^^^^^\n  File \"C:\\Users\\ibhui\\Desktop\\python-selenium-automation\\.venv\\Lib\\site-packages\\selenium\\webdriver\\remote\\errorhandler.py\", line 232, in check_response\n    raise exception_class(message, screen, stacktrace)\n"}, "start": 1742875628785, "stop": 1742875632834}, {"name": "And store product name", "status": "skipped", "start": 1742875635019, "stop": 1742875635019}, {"name": "Then Confirm add to cart from side nav", "status": "skipped", "start": 1742875635019, "stop": 1742875635019}, {"name": "Then open cart page", "status": "skipped", "start": 1742875635019, "stop": 1742875635019}, {"name": "And verify car has 1 items", "status": "skipped", "start": 1742875635019, "stop": 1742875635019}, {"name": "Then verify correct product name", "status": "skipped", "start": 1742875635019, "stop": 1742875635019}], "start": 1742875612968, "stop": 1742875635019, "uuid": "e7976899-8235-44ec-8f04-ffdaca6526e7", "historyId": "72ddaa7fa75a4caaf6f55a3c270a311f", "fullName": "Test Case Project: User can add a product to cart", "labels": [{"name": "severity", "value": "normal"}, {"name": "tag", "value": "smoke"}, {"name": "feature", "value": "Test Case Project"}, {"name": "framework", "value": "behave"}, {"name": "language", "value": "cpython3"}]}